::1 - - [02/Apr/2019:20:53:46 +0000] "GET / HTTP/1.1" 304 - "-" "Mozilla/5.0 (X11; Linux x86_64) AppleWebKit/537.36 (KHTML, like Gecko) Chrome/72.0.3626.109 Safari/537.36"
::1 - - [02/Apr/2019:20:53:46 +0000] "GET /css/product.css HTTP/1.1" 304 - "http://localhost:3000/" "Mozilla/5.0 (X11; Linux x86_64) AppleWebKit/537.36 (KHTML, like Gecko) Chrome/72.0.3626.109 Safari/537.36"
::1 - - [02/Apr/2019:20:53:46 +0000] "GET /css/main.css HTTP/1.1" 200 - "http://localhost:3000/" "Mozilla/5.0 (X11; Linux x86_64) AppleWebKit/537.36 (KHTML, like Gecko) Chrome/72.0.3626.109 Safari/537.36"
::1 - - [02/Apr/2019:20:53:46 +0000] "GET /js/main.js HTTP/1.1" 304 - "http://localhost:3000/" "Mozilla/5.0 (X11; Linux x86_64) AppleWebKit/537.36 (KHTML, like Gecko) Chrome/72.0.3626.109 Safari/537.36"
::1 - - [02/Apr/2019:20:53:50 +0000] "GET /signup HTTP/1.1" 200 - "http://localhost:3000/" "Mozilla/5.0 (X11; Linux x86_64) AppleWebKit/537.36 (KHTML, like Gecko) Chrome/72.0.3626.109 Safari/537.36"
::1 - - [02/Apr/2019:20:53:50 +0000] "GET /css/main.css HTTP/1.1" 304 - "http://localhost:3000/signup" "Mozilla/5.0 (X11; Linux x86_64) AppleWebKit/537.36 (KHTML, like Gecko) Chrome/72.0.3626.109 Safari/537.36"
::1 - - [02/Apr/2019:20:53:50 +0000] "GET /js/main.js HTTP/1.1" 304 - "http://localhost:3000/signup" "Mozilla/5.0 (X11; Linux x86_64) AppleWebKit/537.36 (KHTML, like Gecko) Chrome/72.0.3626.109 Safari/537.36"
::1 - - [02/Apr/2019:20:53:50 +0000] "GET /css/forms.css HTTP/1.1" 304 - "http://localhost:3000/signup" "Mozilla/5.0 (X11; Linux x86_64) AppleWebKit/537.36 (KHTML, like Gecko) Chrome/72.0.3626.109 Safari/537.36"
::1 - - [02/Apr/2019:20:53:50 +0000] "GET /css/auth.css HTTP/1.1" 304 - "http://localhost:3000/signup" "Mozilla/5.0 (X11; Linux x86_64) AppleWebKit/537.36 (KHTML, like Gecko) Chrome/72.0.3626.109 Safari/537.36"
::1 - - [02/Apr/2019:20:53:59 +0000] "GET /login HTTP/1.1" 200 - "http://localhost:3000/signup" "Mozilla/5.0 (X11; Linux x86_64) AppleWebKit/537.36 (KHTML, like Gecko) Chrome/72.0.3626.109 Safari/537.36"
::1 - - [02/Apr/2019:20:53:59 +0000] "GET /css/main.css HTTP/1.1" 304 - "http://localhost:3000/login" "Mozilla/5.0 (X11; Linux x86_64) AppleWebKit/537.36 (KHTML, like Gecko) Chrome/72.0.3626.109 Safari/537.36"
::1 - - [02/Apr/2019:20:53:59 +0000] "GET /css/forms.css HTTP/1.1" 304 - "http://localhost:3000/login" "Mozilla/5.0 (X11; Linux x86_64) AppleWebKit/537.36 (KHTML, like Gecko) Chrome/72.0.3626.109 Safari/537.36"
::1 - - [02/Apr/2019:20:53:59 +0000] "GET /css/auth.css HTTP/1.1" 304 - "http://localhost:3000/login" "Mozilla/5.0 (X11; Linux x86_64) AppleWebKit/537.36 (KHTML, like Gecko) Chrome/72.0.3626.109 Safari/537.36"
::1 - - [02/Apr/2019:20:53:59 +0000] "GET /js/main.js HTTP/1.1" 304 - "http://localhost:3000/login" "Mozilla/5.0 (X11; Linux x86_64) AppleWebKit/537.36 (KHTML, like Gecko) Chrome/72.0.3626.109 Safari/537.36"
::1 - - [02/Apr/2019:20:54:04 +0000] "POST /login HTTP/1.1" 422 - "http://localhost:3000/login" "Mozilla/5.0 (X11; Linux x86_64) AppleWebKit/537.36 (KHTML, like Gecko) Chrome/72.0.3626.109 Safari/537.36"
::1 - - [02/Apr/2019:20:54:04 +0000] "GET /css/main.css HTTP/1.1" 304 - "http://localhost:3000/login" "Mozilla/5.0 (X11; Linux x86_64) AppleWebKit/537.36 (KHTML, like Gecko) Chrome/72.0.3626.109 Safari/537.36"
::1 - - [02/Apr/2019:20:54:04 +0000] "GET /css/forms.css HTTP/1.1" 304 - "http://localhost:3000/login" "Mozilla/5.0 (X11; Linux x86_64) AppleWebKit/537.36 (KHTML, like Gecko) Chrome/72.0.3626.109 Safari/537.36"
::1 - - [02/Apr/2019:20:54:04 +0000] "GET /css/auth.css HTTP/1.1" 304 - "http://localhost:3000/login" "Mozilla/5.0 (X11; Linux x86_64) AppleWebKit/537.36 (KHTML, like Gecko) Chrome/72.0.3626.109 Safari/537.36"
::1 - - [02/Apr/2019:20:54:04 +0000] "GET /js/main.js HTTP/1.1" 304 - "http://localhost:3000/login" "Mozilla/5.0 (X11; Linux x86_64) AppleWebKit/537.36 (KHTML, like Gecko) Chrome/72.0.3626.109 Safari/537.36"
::1 - - [02/Apr/2019:20:54:06 +0000] "GET /signup HTTP/1.1" 200 - "http://localhost:3000/login" "Mozilla/5.0 (X11; Linux x86_64) AppleWebKit/537.36 (KHTML, like Gecko) Chrome/72.0.3626.109 Safari/537.36"
::1 - - [02/Apr/2019:20:54:06 +0000] "GET /css/main.css HTTP/1.1" 304 - "http://localhost:3000/signup" "Mozilla/5.0 (X11; Linux x86_64) AppleWebKit/537.36 (KHTML, like Gecko) Chrome/72.0.3626.109 Safari/537.36"
::1 - - [02/Apr/2019:20:54:06 +0000] "GET /css/forms.css HTTP/1.1" 304 - "http://localhost:3000/signup" "Mozilla/5.0 (X11; Linux x86_64) AppleWebKit/537.36 (KHTML, like Gecko) Chrome/72.0.3626.109 Safari/537.36"
::1 - - [02/Apr/2019:20:54:06 +0000] "GET /css/auth.css HTTP/1.1" 304 - "http://localhost:3000/signup" "Mozilla/5.0 (X11; Linux x86_64) AppleWebKit/537.36 (KHTML, like Gecko) Chrome/72.0.3626.109 Safari/537.36"
::1 - - [02/Apr/2019:20:54:06 +0000] "GET /js/main.js HTTP/1.1" 304 - "http://localhost:3000/signup" "Mozilla/5.0 (X11; Linux x86_64) AppleWebKit/537.36 (KHTML, like Gecko) Chrome/72.0.3626.109 Safari/537.36"
::1 - - [02/Apr/2019:20:54:13 +0000] "POST /signup HTTP/1.1" 302 46 "http://localhost:3000/signup" "Mozilla/5.0 (X11; Linux x86_64) AppleWebKit/537.36 (KHTML, like Gecko) Chrome/72.0.3626.109 Safari/537.36"
::1 - - [02/Apr/2019:20:54:13 +0000] "GET / HTTP/1.1" 304 - "http://localhost:3000/signup" "Mozilla/5.0 (X11; Linux x86_64) AppleWebKit/537.36 (KHTML, like Gecko) Chrome/72.0.3626.109 Safari/537.36"
::1 - - [02/Apr/2019:20:54:13 +0000] "GET /css/main.css HTTP/1.1" 304 - "http://localhost:3000/" "Mozilla/5.0 (X11; Linux x86_64) AppleWebKit/537.36 (KHTML, like Gecko) Chrome/72.0.3626.109 Safari/537.36"
::1 - - [02/Apr/2019:20:54:13 +0000] "GET /css/product.css HTTP/1.1" 304 - "http://localhost:3000/" "Mozilla/5.0 (X11; Linux x86_64) AppleWebKit/537.36 (KHTML, like Gecko) Chrome/72.0.3626.109 Safari/537.36"
::1 - - [02/Apr/2019:20:54:13 +0000] "GET /js/main.js HTTP/1.1" 304 - "http://localhost:3000/" "Mozilla/5.0 (X11; Linux x86_64) AppleWebKit/537.36 (KHTML, like Gecko) Chrome/72.0.3626.109 Safari/537.36"
::1 - - [02/Apr/2019:20:54:16 +0000] "GET /products HTTP/1.1" 304 - "http://localhost:3000/" "Mozilla/5.0 (X11; Linux x86_64) AppleWebKit/537.36 (KHTML, like Gecko) Chrome/72.0.3626.109 Safari/537.36"
::1 - - [02/Apr/2019:20:54:16 +0000] "GET /css/main.css HTTP/1.1" 304 - "http://localhost:3000/products" "Mozilla/5.0 (X11; Linux x86_64) AppleWebKit/537.36 (KHTML, like Gecko) Chrome/72.0.3626.109 Safari/537.36"
::1 - - [02/Apr/2019:20:54:16 +0000] "GET /css/product.css HTTP/1.1" 304 - "http://localhost:3000/products" "Mozilla/5.0 (X11; Linux x86_64) AppleWebKit/537.36 (KHTML, like Gecko) Chrome/72.0.3626.109 Safari/537.36"
::1 - - [02/Apr/2019:20:54:16 +0000] "GET /js/main.js HTTP/1.1" 304 - "http://localhost:3000/products" "Mozilla/5.0 (X11; Linux x86_64) AppleWebKit/537.36 (KHTML, like Gecko) Chrome/72.0.3626.109 Safari/537.36"
::1 - - [02/Apr/2019:20:54:19 +0000] "GET /login HTTP/1.1" 200 - "http://localhost:3000/products" "Mozilla/5.0 (X11; Linux x86_64) AppleWebKit/537.36 (KHTML, like Gecko) Chrome/72.0.3626.109 Safari/537.36"
::1 - - [02/Apr/2019:20:54:19 +0000] "GET /css/main.css HTTP/1.1" 304 - "http://localhost:3000/login" "Mozilla/5.0 (X11; Linux x86_64) AppleWebKit/537.36 (KHTML, like Gecko) Chrome/72.0.3626.109 Safari/537.36"
::1 - - [02/Apr/2019:20:54:19 +0000] "GET /css/forms.css HTTP/1.1" 304 - "http://localhost:3000/login" "Mozilla/5.0 (X11; Linux x86_64) AppleWebKit/537.36 (KHTML, like Gecko) Chrome/72.0.3626.109 Safari/537.36"
::1 - - [02/Apr/2019:20:54:19 +0000] "GET /css/auth.css HTTP/1.1" 304 - "http://localhost:3000/login" "Mozilla/5.0 (X11; Linux x86_64) AppleWebKit/537.36 (KHTML, like Gecko) Chrome/72.0.3626.109 Safari/537.36"
::1 - - [02/Apr/2019:20:54:19 +0000] "GET /js/main.js HTTP/1.1" 304 - "http://localhost:3000/login" "Mozilla/5.0 (X11; Linux x86_64) AppleWebKit/537.36 (KHTML, like Gecko) Chrome/72.0.3626.109 Safari/537.36"
::1 - - [02/Apr/2019:20:54:25 +0000] "POST /login HTTP/1.1" 302 46 "http://localhost:3000/login" "Mozilla/5.0 (X11; Linux x86_64) AppleWebKit/537.36 (KHTML, like Gecko) Chrome/72.0.3626.109 Safari/537.36"
::1 - - [02/Apr/2019:20:54:25 +0000] "GET / HTTP/1.1" 200 - "http://localhost:3000/login" "Mozilla/5.0 (X11; Linux x86_64) AppleWebKit/537.36 (KHTML, like Gecko) Chrome/72.0.3626.109 Safari/537.36"
::1 - - [02/Apr/2019:20:54:25 +0000] "GET /css/main.css HTTP/1.1" 304 - "http://localhost:3000/" "Mozilla/5.0 (X11; Linux x86_64) AppleWebKit/537.36 (KHTML, like Gecko) Chrome/72.0.3626.109 Safari/537.36"
::1 - - [02/Apr/2019:20:54:25 +0000] "GET /css/product.css HTTP/1.1" 304 - "http://localhost:3000/" "Mozilla/5.0 (X11; Linux x86_64) AppleWebKit/537.36 (KHTML, like Gecko) Chrome/72.0.3626.109 Safari/537.36"
::1 - - [02/Apr/2019:20:54:25 +0000] "GET /js/main.js HTTP/1.1" 304 - "http://localhost:3000/" "Mozilla/5.0 (X11; Linux x86_64) AppleWebKit/537.36 (KHTML, like Gecko) Chrome/72.0.3626.109 Safari/537.36"
::1 - - [02/Apr/2019:20:55:31 +0000] "GET /admin/add-product HTTP/1.1" 200 - "-" "Mozilla/5.0 (X11; Linux x86_64) AppleWebKit/537.36 (KHTML, like Gecko) Chrome/72.0.3626.109 Safari/537.36"
::1 - - [02/Apr/2019:20:55:31 +0000] "GET /css/main.css HTTP/1.1" 304 - "http://localhost:3000/admin/add-product" "Mozilla/5.0 (X11; Linux x86_64) AppleWebKit/537.36 (KHTML, like Gecko) Chrome/72.0.3626.109 Safari/537.36"
::1 - - [02/Apr/2019:20:55:31 +0000] "GET /css/forms.css HTTP/1.1" 304 - "http://localhost:3000/admin/add-product" "Mozilla/5.0 (X11; Linux x86_64) AppleWebKit/537.36 (KHTML, like Gecko) Chrome/72.0.3626.109 Safari/537.36"
::1 - - [02/Apr/2019:20:55:31 +0000] "GET /css/product.css HTTP/1.1" 304 - "http://localhost:3000/admin/add-product" "Mozilla/5.0 (X11; Linux x86_64) AppleWebKit/537.36 (KHTML, like Gecko) Chrome/72.0.3626.109 Safari/537.36"
::1 - - [02/Apr/2019:20:55:31 +0000] "GET /js/main.js HTTP/1.1" 304 - "http://localhost:3000/admin/add-product" "Mozilla/5.0 (X11; Linux x86_64) AppleWebKit/537.36 (KHTML, like Gecko) Chrome/72.0.3626.109 Safari/537.36"
::1 - - [02/Apr/2019:20:56:00 +0000] "POST /admin/add-product HTTP/1.1" 302 46 "http://localhost:3000/admin/add-product" "Mozilla/5.0 (X11; Linux x86_64) AppleWebKit/537.36 (KHTML, like Gecko) Chrome/72.0.3626.109 Safari/537.36"
::1 - - [02/Apr/2019:20:56:00 +0000] "GET / HTTP/1.1" 200 - "http://localhost:3000/admin/add-product" "Mozilla/5.0 (X11; Linux x86_64) AppleWebKit/537.36 (KHTML, like Gecko) Chrome/72.0.3626.109 Safari/537.36"
::1 - - [02/Apr/2019:20:56:00 +0000] "GET /css/main.css HTTP/1.1" 304 - "http://localhost:3000/" "Mozilla/5.0 (X11; Linux x86_64) AppleWebKit/537.36 (KHTML, like Gecko) Chrome/72.0.3626.109 Safari/537.36"
::1 - - [02/Apr/2019:20:56:00 +0000] "GET /css/product.css HTTP/1.1" 304 - "http://localhost:3000/" "Mozilla/5.0 (X11; Linux x86_64) AppleWebKit/537.36 (KHTML, like Gecko) Chrome/72.0.3626.109 Safari/537.36"
::1 - - [02/Apr/2019:20:56:00 +0000] "GET /js/main.js HTTP/1.1" 304 - "http://localhost:3000/" "Mozilla/5.0 (X11; Linux x86_64) AppleWebKit/537.36 (KHTML, like Gecko) Chrome/72.0.3626.109 Safari/537.36"
::1 - - [02/Apr/2019:20:56:00 +0000] "GET /images/zzdbqcju09ic6e-Screenshot%20from%202019-04-02%2017-42-33.png HTTP/1.1" 200 28080 "http://localhost:3000/" "Mozilla/5.0 (X11; Linux x86_64) AppleWebKit/537.36 (KHTML, like Gecko) Chrome/72.0.3626.109 Safari/537.36"
::1 - - [02/Apr/2019:20:56:40 +0000] "POST /logout HTTP/1.1" 302 46 "http://localhost:3000/" "Mozilla/5.0 (X11; Linux x86_64) AppleWebKit/537.36 (KHTML, like Gecko) Chrome/72.0.3626.109 Safari/537.36"
::1 - - [02/Apr/2019:20:56:40 +0000] "GET / HTTP/1.1" 200 - "http://localhost:3000/" "Mozilla/5.0 (X11; Linux x86_64) AppleWebKit/537.36 (KHTML, like Gecko) Chrome/72.0.3626.109 Safari/537.36"
::1 - - [02/Apr/2019:20:56:40 +0000] "GET /css/main.css HTTP/1.1" 304 - "http://localhost:3000/" "Mozilla/5.0 (X11; Linux x86_64) AppleWebKit/537.36 (KHTML, like Gecko) Chrome/72.0.3626.109 Safari/537.36"
::1 - - [02/Apr/2019:20:56:40 +0000] "GET /css/product.css HTTP/1.1" 304 - "http://localhost:3000/" "Mozilla/5.0 (X11; Linux x86_64) AppleWebKit/537.36 (KHTML, like Gecko) Chrome/72.0.3626.109 Safari/537.36"
::1 - - [02/Apr/2019:20:56:40 +0000] "GET /js/main.js HTTP/1.1" 304 - "http://localhost:3000/" "Mozilla/5.0 (X11; Linux x86_64) AppleWebKit/537.36 (KHTML, like Gecko) Chrome/72.0.3626.109 Safari/537.36"
::1 - - [02/Apr/2019:20:56:40 +0000] "GET /images/zzdbqcju09ic6e-Screenshot%20from%202019-04-02%2017-42-33.png HTTP/1.1" 304 - "http://localhost:3000/" "Mozilla/5.0 (X11; Linux x86_64) AppleWebKit/537.36 (KHTML, like Gecko) Chrome/72.0.3626.109 Safari/537.36"
::1 - - [02/Apr/2019:20:56:44 +0000] "GET /products/5ca3cc60c0caa03b64adc839 HTTP/1.1" 200 - "http://localhost:3000/" "Mozilla/5.0 (X11; Linux x86_64) AppleWebKit/537.36 (KHTML, like Gecko) Chrome/72.0.3626.109 Safari/537.36"
::1 - - [02/Apr/2019:20:56:44 +0000] "GET /css/main.css HTTP/1.1" 304 - "http://localhost:3000/products/5ca3cc60c0caa03b64adc839" "Mozilla/5.0 (X11; Linux x86_64) AppleWebKit/537.36 (KHTML, like Gecko) Chrome/72.0.3626.109 Safari/537.36"
::1 - - [02/Apr/2019:20:56:44 +0000] "GET /images/zzdbqcju09ic6e-Screenshot%20from%202019-04-02%2017-42-33.png HTTP/1.1" 304 - "http://localhost:3000/products/5ca3cc60c0caa03b64adc839" "Mozilla/5.0 (X11; Linux x86_64) AppleWebKit/537.36 (KHTML, like Gecko) Chrome/72.0.3626.109 Safari/537.36"
::1 - - [02/Apr/2019:20:56:44 +0000] "GET /js/main.js HTTP/1.1" 304 - "http://localhost:3000/products/5ca3cc60c0caa03b64adc839" "Mozilla/5.0 (X11; Linux x86_64) AppleWebKit/537.36 (KHTML, like Gecko) Chrome/72.0.3626.109 Safari/537.36"
::1 - - [02/Apr/2019:20:56:47 +0000] "GET / HTTP/1.1" 200 - "http://localhost:3000/products/5ca3cc60c0caa03b64adc839" "Mozilla/5.0 (X11; Linux x86_64) AppleWebKit/537.36 (KHTML, like Gecko) Chrome/72.0.3626.109 Safari/537.36"
::1 - - [02/Apr/2019:20:56:47 +0000] "GET /css/main.css HTTP/1.1" 304 - "http://localhost:3000/" "Mozilla/5.0 (X11; Linux x86_64) AppleWebKit/537.36 (KHTML, like Gecko) Chrome/72.0.3626.109 Safari/537.36"
::1 - - [02/Apr/2019:20:56:47 +0000] "GET /css/product.css HTTP/1.1" 304 - "http://localhost:3000/" "Mozilla/5.0 (X11; Linux x86_64) AppleWebKit/537.36 (KHTML, like Gecko) Chrome/72.0.3626.109 Safari/537.36"
::1 - - [02/Apr/2019:20:56:47 +0000] "GET /js/main.js HTTP/1.1" 304 - "http://localhost:3000/" "Mozilla/5.0 (X11; Linux x86_64) AppleWebKit/537.36 (KHTML, like Gecko) Chrome/72.0.3626.109 Safari/537.36"
::1 - - [02/Apr/2019:20:56:47 +0000] "GET /images/zzdbqcju09ic6e-Screenshot%20from%202019-04-02%2017-42-33.png HTTP/1.1" 304 - "http://localhost:3000/" "Mozilla/5.0 (X11; Linux x86_64) AppleWebKit/537.36 (KHTML, like Gecko) Chrome/72.0.3626.109 Safari/537.36"
::1 - - [02/Apr/2019:22:01:16 +0000] "GET / HTTP/1.1" 200 - "-" "Mozilla/5.0 (X11; Linux x86_64) AppleWebKit/537.36 (KHTML, like Gecko) Chrome/72.0.3626.109 Safari/537.36"
::1 - - [02/Apr/2019:22:01:16 +0000] "GET /css/product.css HTTP/1.1" 304 - "http://localhost:3000/" "Mozilla/5.0 (X11; Linux x86_64) AppleWebKit/537.36 (KHTML, like Gecko) Chrome/72.0.3626.109 Safari/537.36"
::1 - - [02/Apr/2019:22:01:16 +0000] "GET /css/main.css HTTP/1.1" 304 - "http://localhost:3000/" "Mozilla/5.0 (X11; Linux x86_64) AppleWebKit/537.36 (KHTML, like Gecko) Chrome/72.0.3626.109 Safari/537.36"
::1 - - [02/Apr/2019:22:01:16 +0000] "GET /js/main.js HTTP/1.1" 304 - "http://localhost:3000/" "Mozilla/5.0 (X11; Linux x86_64) AppleWebKit/537.36 (KHTML, like Gecko) Chrome/72.0.3626.109 Safari/537.36"
::1 - - [02/Apr/2019:22:01:16 +0000] "GET /images/zzdbqcju09ic6e-Screenshot%20from%202019-04-02%2017-42-33.png HTTP/1.1" 304 - "http://localhost:3000/" "Mozilla/5.0 (X11; Linux x86_64) AppleWebKit/537.36 (KHTML, like Gecko) Chrome/72.0.3626.109 Safari/537.36"
::1 - - [02/Apr/2019:22:01:17 +0000] "GET /favicon.ico HTTP/1.1" 404 - "http://localhost:3000/" "Mozilla/5.0 (X11; Linux x86_64) AppleWebKit/537.36 (KHTML, like Gecko) Chrome/72.0.3626.109 Safari/537.36"
::1 - - [02/Apr/2019:23:26:36 +0000] "GET / HTTP/1.1" 200 - "-" "Mozilla/5.0 (X11; Linux x86_64) AppleWebKit/537.36 (KHTML, like Gecko) Chrome/72.0.3626.109 Safari/537.36"
::1 - - [02/Apr/2019:23:26:36 +0000] "GET /css/main.css HTTP/1.1" 304 - "http://localhost:3000/" "Mozilla/5.0 (X11; Linux x86_64) AppleWebKit/537.36 (KHTML, like Gecko) Chrome/72.0.3626.109 Safari/537.36"
::1 - - [02/Apr/2019:23:26:36 +0000] "GET /js/main.js HTTP/1.1" 304 - "http://localhost:3000/" "Mozilla/5.0 (X11; Linux x86_64) AppleWebKit/537.36 (KHTML, like Gecko) Chrome/72.0.3626.109 Safari/537.36"
::1 - - [02/Apr/2019:23:26:36 +0000] "GET /css/product.css HTTP/1.1" 304 - "http://localhost:3000/" "Mozilla/5.0 (X11; Linux x86_64) AppleWebKit/537.36 (KHTML, like Gecko) Chrome/72.0.3626.109 Safari/537.36"
::1 - - [02/Apr/2019:23:26:41 +0000] "GET /products HTTP/1.1" 304 - "http://localhost:3000/" "Mozilla/5.0 (X11; Linux x86_64) AppleWebKit/537.36 (KHTML, like Gecko) Chrome/72.0.3626.109 Safari/537.36"
::1 - - [02/Apr/2019:23:26:41 +0000] "GET /css/main.css HTTP/1.1" 304 - "http://localhost:3000/products" "Mozilla/5.0 (X11; Linux x86_64) AppleWebKit/537.36 (KHTML, like Gecko) Chrome/72.0.3626.109 Safari/537.36"
::1 - - [02/Apr/2019:23:26:41 +0000] "GET /css/product.css HTTP/1.1" 304 - "http://localhost:3000/products" "Mozilla/5.0 (X11; Linux x86_64) AppleWebKit/537.36 (KHTML, like Gecko) Chrome/72.0.3626.109 Safari/537.36"
::1 - - [02/Apr/2019:23:26:41 +0000] "GET /js/main.js HTTP/1.1" 304 - "http://localhost:3000/products" "Mozilla/5.0 (X11; Linux x86_64) AppleWebKit/537.36 (KHTML, like Gecko) Chrome/72.0.3626.109 Safari/537.36"
::1 - - [02/Apr/2019:23:26:43 +0000] "GET / HTTP/1.1" 304 - "http://localhost:3000/products" "Mozilla/5.0 (X11; Linux x86_64) AppleWebKit/537.36 (KHTML, like Gecko) Chrome/72.0.3626.109 Safari/537.36"
::1 - - [02/Apr/2019:23:26:43 +0000] "GET /css/main.css HTTP/1.1" 304 - "http://localhost:3000/" "Mozilla/5.0 (X11; Linux x86_64) AppleWebKit/537.36 (KHTML, like Gecko) Chrome/72.0.3626.109 Safari/537.36"
::1 - - [02/Apr/2019:23:26:43 +0000] "GET /css/product.css HTTP/1.1" 304 - "http://localhost:3000/" "Mozilla/5.0 (X11; Linux x86_64) AppleWebKit/537.36 (KHTML, like Gecko) Chrome/72.0.3626.109 Safari/537.36"
::1 - - [02/Apr/2019:23:26:43 +0000] "GET /js/main.js HTTP/1.1" 304 - "http://localhost:3000/" "Mozilla/5.0 (X11; Linux x86_64) AppleWebKit/537.36 (KHTML, like Gecko) Chrome/72.0.3626.109 Safari/537.36"
::1 - - [02/Apr/2019:23:26:47 +0000] "GET /login HTTP/1.1" 200 - "http://localhost:3000/" "Mozilla/5.0 (X11; Linux x86_64) AppleWebKit/537.36 (KHTML, like Gecko) Chrome/72.0.3626.109 Safari/537.36"
::1 - - [02/Apr/2019:23:26:47 +0000] "GET /css/main.css HTTP/1.1" 304 - "http://localhost:3000/login" "Mozilla/5.0 (X11; Linux x86_64) AppleWebKit/537.36 (KHTML, like Gecko) Chrome/72.0.3626.109 Safari/537.36"
::1 - - [02/Apr/2019:23:26:47 +0000] "GET /js/main.js HTTP/1.1" 304 - "http://localhost:3000/login" "Mozilla/5.0 (X11; Linux x86_64) AppleWebKit/537.36 (KHTML, like Gecko) Chrome/72.0.3626.109 Safari/537.36"
::1 - - [02/Apr/2019:23:26:47 +0000] "GET /css/auth.css HTTP/1.1" 304 - "http://localhost:3000/login" "Mozilla/5.0 (X11; Linux x86_64) AppleWebKit/537.36 (KHTML, like Gecko) Chrome/72.0.3626.109 Safari/537.36"
::1 - - [02/Apr/2019:23:26:47 +0000] "GET /css/forms.css HTTP/1.1" 304 - "http://localhost:3000/login" "Mozilla/5.0 (X11; Linux x86_64) AppleWebKit/537.36 (KHTML, like Gecko) Chrome/72.0.3626.109 Safari/537.36"
::1 - - [02/Apr/2019:23:26:53 +0000] "POST /login HTTP/1.1" 422 - "http://localhost:3000/login" "Mozilla/5.0 (X11; Linux x86_64) AppleWebKit/537.36 (KHTML, like Gecko) Chrome/72.0.3626.109 Safari/537.36"
::1 - - [02/Apr/2019:23:26:53 +0000] "GET /css/main.css HTTP/1.1" 304 - "http://localhost:3000/login" "Mozilla/5.0 (X11; Linux x86_64) AppleWebKit/537.36 (KHTML, like Gecko) Chrome/72.0.3626.109 Safari/537.36"
::1 - - [02/Apr/2019:23:26:53 +0000] "GET /css/forms.css HTTP/1.1" 304 - "http://localhost:3000/login" "Mozilla/5.0 (X11; Linux x86_64) AppleWebKit/537.36 (KHTML, like Gecko) Chrome/72.0.3626.109 Safari/537.36"
::1 - - [02/Apr/2019:23:26:53 +0000] "GET /css/auth.css HTTP/1.1" 304 - "http://localhost:3000/login" "Mozilla/5.0 (X11; Linux x86_64) AppleWebKit/537.36 (KHTML, like Gecko) Chrome/72.0.3626.109 Safari/537.36"
::1 - - [02/Apr/2019:23:26:53 +0000] "GET /js/main.js HTTP/1.1" 304 - "http://localhost:3000/login" "Mozilla/5.0 (X11; Linux x86_64) AppleWebKit/537.36 (KHTML, like Gecko) Chrome/72.0.3626.109 Safari/537.36"
::1 - - [02/Apr/2019:23:26:56 +0000] "GET / HTTP/1.1" 304 - "http://localhost:3000/login" "Mozilla/5.0 (X11; Linux x86_64) AppleWebKit/537.36 (KHTML, like Gecko) Chrome/72.0.3626.109 Safari/537.36"
::1 - - [02/Apr/2019:23:26:56 +0000] "GET /css/main.css HTTP/1.1" 304 - "http://localhost:3000/" "Mozilla/5.0 (X11; Linux x86_64) AppleWebKit/537.36 (KHTML, like Gecko) Chrome/72.0.3626.109 Safari/537.36"
::1 - - [02/Apr/2019:23:26:56 +0000] "GET /css/product.css HTTP/1.1" 304 - "http://localhost:3000/" "Mozilla/5.0 (X11; Linux x86_64) AppleWebKit/537.36 (KHTML, like Gecko) Chrome/72.0.3626.109 Safari/537.36"
::1 - - [02/Apr/2019:23:26:56 +0000] "GET /js/main.js HTTP/1.1" 304 - "http://localhost:3000/" "Mozilla/5.0 (X11; Linux x86_64) AppleWebKit/537.36 (KHTML, like Gecko) Chrome/72.0.3626.109 Safari/537.36"
::1 - - [02/Apr/2019:23:28:47 +0000] "GET / HTTP/1.1" 200 - "http://localhost:3000/login" "Mozilla/5.0 (X11; Linux x86_64) AppleWebKit/537.36 (KHTML, like Gecko) Chrome/72.0.3626.109 Safari/537.36"
::1 - - [02/Apr/2019:23:28:47 +0000] "GET /css/main.css HTTP/1.1" 304 - "http://localhost:3000/" "Mozilla/5.0 (X11; Linux x86_64) AppleWebKit/537.36 (KHTML, like Gecko) Chrome/72.0.3626.109 Safari/537.36"
::1 - - [02/Apr/2019:23:28:47 +0000] "GET /css/product.css HTTP/1.1" 304 - "http://localhost:3000/" "Mozilla/5.0 (X11; Linux x86_64) AppleWebKit/537.36 (KHTML, like Gecko) Chrome/72.0.3626.109 Safari/537.36"
::1 - - [02/Apr/2019:23:28:47 +0000] "GET /js/main.js HTTP/1.1" 304 - "http://localhost:3000/" "Mozilla/5.0 (X11; Linux x86_64) AppleWebKit/537.36 (KHTML, like Gecko) Chrome/72.0.3626.109 Safari/537.36"
::1 - - [02/Apr/2019:23:28:47 +0000] "GET /images/zzdbqcju09ic6e-Screenshot%20from%202019-04-02%2017-42-33.png HTTP/1.1" 304 - "http://localhost:3000/" "Mozilla/5.0 (X11; Linux x86_64) AppleWebKit/537.36 (KHTML, like Gecko) Chrome/72.0.3626.109 Safari/537.36"
::1 - - [02/Apr/2019:23:48:52 +0000] "GET / HTTP/1.1" 200 - "-" "Mozilla/5.0 (X11; Linux x86_64) AppleWebKit/537.36 (KHTML, like Gecko) Chrome/72.0.3626.109 Safari/537.36"
::1 - - [02/Apr/2019:23:48:52 +0000] "GET /css/main.css HTTP/1.1" 304 - "http://localhost:3000/" "Mozilla/5.0 (X11; Linux x86_64) AppleWebKit/537.36 (KHTML, like Gecko) Chrome/72.0.3626.109 Safari/537.36"
::1 - - [02/Apr/2019:23:48:52 +0000] "GET /css/product.css HTTP/1.1" 304 - "http://localhost:3000/" "Mozilla/5.0 (X11; Linux x86_64) AppleWebKit/537.36 (KHTML, like Gecko) Chrome/72.0.3626.109 Safari/537.36"
::1 - - [02/Apr/2019:23:48:52 +0000] "GET /js/main.js HTTP/1.1" 304 - "http://localhost:3000/" "Mozilla/5.0 (X11; Linux x86_64) AppleWebKit/537.36 (KHTML, like Gecko) Chrome/72.0.3626.109 Safari/537.36"
::1 - - [02/Apr/2019:23:48:52 +0000] "GET /images/zzdbqcju09ic6e-Screenshot%20from%202019-04-02%2017-42-33.png HTTP/1.1" 304 - "http://localhost:3000/" "Mozilla/5.0 (X11; Linux x86_64) AppleWebKit/537.36 (KHTML, like Gecko) Chrome/72.0.3626.109 Safari/537.36"
::1 - - [03/Apr/2019:00:05:37 +0000] "GET / HTTP/1.1" 200 - "-" "Mozilla/5.0 (X11; Linux x86_64) AppleWebKit/537.36 (KHTML, like Gecko) Chrome/72.0.3626.109 Safari/537.36"
::1 - - [03/Apr/2019:00:05:37 +0000] "GET /css/main.css HTTP/1.1" 304 - "http://localhost:3000/" "Mozilla/5.0 (X11; Linux x86_64) AppleWebKit/537.36 (KHTML, like Gecko) Chrome/72.0.3626.109 Safari/537.36"
::1 - - [03/Apr/2019:00:05:37 +0000] "GET /css/product.css HTTP/1.1" 304 - "http://localhost:3000/" "Mozilla/5.0 (X11; Linux x86_64) AppleWebKit/537.36 (KHTML, like Gecko) Chrome/72.0.3626.109 Safari/537.36"
::1 - - [03/Apr/2019:00:05:37 +0000] "GET /js/main.js HTTP/1.1" 304 - "http://localhost:3000/" "Mozilla/5.0 (X11; Linux x86_64) AppleWebKit/537.36 (KHTML, like Gecko) Chrome/72.0.3626.109 Safari/537.36"
::1 - - [03/Apr/2019:00:05:37 +0000] "GET /images/zzdbqcju09ic6e-Screenshot%20from%202019-04-02%2017-42-33.png HTTP/1.1" 304 - "http://localhost:3000/" "Mozilla/5.0 (X11; Linux x86_64) AppleWebKit/537.36 (KHTML, like Gecko) Chrome/72.0.3626.109 Safari/537.36"
::1 - - [03/Apr/2019:06:26:01 +0000] "GET / HTTP/1.1" 200 - "-" "Mozilla/5.0 (X11; Linux x86_64) AppleWebKit/537.36 (KHTML, like Gecko) Chrome/72.0.3626.109 Safari/537.36"
::1 - - [03/Apr/2019:06:26:01 +0000] "GET /js/main.js HTTP/1.1" 304 - "http://localhost:3000/" "Mozilla/5.0 (X11; Linux x86_64) AppleWebKit/537.36 (KHTML, like Gecko) Chrome/72.0.3626.109 Safari/537.36"
::1 - - [03/Apr/2019:06:26:01 +0000] "GET /css/product.css HTTP/1.1" 304 - "http://localhost:3000/" "Mozilla/5.0 (X11; Linux x86_64) AppleWebKit/537.36 (KHTML, like Gecko) Chrome/72.0.3626.109 Safari/537.36"
::1 - - [03/Apr/2019:06:26:01 +0000] "GET /css/main.css HTTP/1.1" 304 - "http://localhost:3000/" "Mozilla/5.0 (X11; Linux x86_64) AppleWebKit/537.36 (KHTML, like Gecko) Chrome/72.0.3626.109 Safari/537.36"
::1 - - [03/Apr/2019:06:26:03 +0000] "GET /favicon.ico HTTP/1.1" 404 - "http://localhost:3000/" "Mozilla/5.0 (X11; Linux x86_64) AppleWebKit/537.36 (KHTML, like Gecko) Chrome/72.0.3626.109 Safari/537.36"
::1 - - [03/Apr/2019:06:26:06 +0000] "GET /login HTTP/1.1" 200 - "http://localhost:3000/" "Mozilla/5.0 (X11; Linux x86_64) AppleWebKit/537.36 (KHTML, like Gecko) Chrome/72.0.3626.109 Safari/537.36"
::1 - - [03/Apr/2019:06:26:06 +0000] "GET /css/main.css HTTP/1.1" 304 - "http://localhost:3000/login" "Mozilla/5.0 (X11; Linux x86_64) AppleWebKit/537.36 (KHTML, like Gecko) Chrome/72.0.3626.109 Safari/537.36"
::1 - - [03/Apr/2019:06:26:06 +0000] "GET /js/main.js HTTP/1.1" 304 - "http://localhost:3000/login" "Mozilla/5.0 (X11; Linux x86_64) AppleWebKit/537.36 (KHTML, like Gecko) Chrome/72.0.3626.109 Safari/537.36"
::1 - - [03/Apr/2019:06:26:06 +0000] "GET /css/forms.css HTTP/1.1" 304 - "http://localhost:3000/login" "Mozilla/5.0 (X11; Linux x86_64) AppleWebKit/537.36 (KHTML, like Gecko) Chrome/72.0.3626.109 Safari/537.36"
::1 - - [03/Apr/2019:06:26:06 +0000] "GET /css/auth.css HTTP/1.1" 304 - "http://localhost:3000/login" "Mozilla/5.0 (X11; Linux x86_64) AppleWebKit/537.36 (KHTML, like Gecko) Chrome/72.0.3626.109 Safari/537.36"
